# Logfile created on 2012-02-11 17:39:44 +0200 by logger.rb/31641
REQUESTING PAGE: GET / with {} and HTTP headers {}
REQUESTING PAGE: GET /about with {} and HTTP headers {"HTTP_REFERER"=>"/"}
REQUESTING PAGE: GET /help with {} and HTTP headers {"HTTP_REFERER"=>"/about"}
REQUESTING PAGE: GET /contact with {} and HTTP headers {"HTTP_REFERER"=>"/help"}
REQUESTING PAGE: GET / with {} and HTTP headers {"HTTP_REFERER"=>"/contact"}
REQUESTING PAGE: GET /signup with {} and HTTP headers {"HTTP_REFERER"=>"/"}
REQUESTING PAGE: GET / with {} and HTTP headers {}
REQUESTING PAGE: GET /about with {} and HTTP headers {"HTTP_REFERER"=>"/"}
REQUESTING PAGE: GET /help with {} and HTTP headers {"HTTP_REFERER"=>"/about"}
REQUESTING PAGE: GET /contact with {} and HTTP headers {"HTTP_REFERER"=>"/help"}
REQUESTING PAGE: GET / with {} and HTTP headers {"HTTP_REFERER"=>"/contact"}
REQUESTING PAGE: GET /signup with {} and HTTP headers {"HTTP_REFERER"=>"/"}
REQUESTING PAGE: GET / with {} and HTTP headers {}
REQUESTING PAGE: GET /about with {} and HTTP headers {"HTTP_REFERER"=>"/"}
REQUESTING PAGE: GET / with {} and HTTP headers {}
REQUESTING PAGE: GET /about with {} and HTTP headers {"HTTP_REFERER"=>"/"}
REQUESTING PAGE: GET /help with {} and HTTP headers {"HTTP_REFERER"=>"/about"}
REQUESTING PAGE: GET /contact with {} and HTTP headers {"HTTP_REFERER"=>"/help"}
REQUESTING PAGE: GET / with {} and HTTP headers {"HTTP_REFERER"=>"/contact"}
REQUESTING PAGE: GET / with {} and HTTP headers {}
REQUESTING PAGE: GET /about with {} and HTTP headers {"HTTP_REFERER"=>"/"}
REQUESTING PAGE: GET /help with {} and HTTP headers {"HTTP_REFERER"=>"/about"}
REQUESTING PAGE: GET /contact with {} and HTTP headers {"HTTP_REFERER"=>"/help"}
REQUESTING PAGE: GET / with {} and HTTP headers {"HTTP_REFERER"=>"/contact"}
REQUESTING PAGE: GET /signup with {} and HTTP headers {"HTTP_REFERER"=>"/"}
REQUESTING PAGE: GET / with {} and HTTP headers {}
REQUESTING PAGE: GET /about with {} and HTTP headers {"HTTP_REFERER"=>"/"}
REQUESTING PAGE: GET /help with {} and HTTP headers {"HTTP_REFERER"=>"/about"}
REQUESTING PAGE: GET /contact with {} and HTTP headers {"HTTP_REFERER"=>"/help"}
REQUESTING PAGE: GET / with {} and HTTP headers {"HTTP_REFERER"=>"/contact"}
REQUESTING PAGE: GET /signup with {} and HTTP headers {"HTTP_REFERER"=>"/"}
REQUESTING PAGE: GET / with {} and HTTP headers {}
REQUESTING PAGE: GET /about with {} and HTTP headers {"HTTP_REFERER"=>"/"}
REQUESTING PAGE: GET /help with {} and HTTP headers {"HTTP_REFERER"=>"/about"}
REQUESTING PAGE: GET /contact with {} and HTTP headers {"HTTP_REFERER"=>"/help"}
REQUESTING PAGE: GET / with {} and HTTP headers {"HTTP_REFERER"=>"/contact"}
REQUESTING PAGE: GET /signup with {} and HTTP headers {"HTTP_REFERER"=>"/"}
REQUESTING PAGE: GET / with {} and HTTP headers {}
REQUESTING PAGE: GET /about with {} and HTTP headers {"HTTP_REFERER"=>"/"}
REQUESTING PAGE: GET /help with {} and HTTP headers {"HTTP_REFERER"=>"/about"}
REQUESTING PAGE: GET /contact with {} and HTTP headers {"HTTP_REFERER"=>"/help"}
REQUESTING PAGE: GET / with {} and HTTP headers {"HTTP_REFERER"=>"/contact"}
REQUESTING PAGE: GET /signup with {} and HTTP headers {"HTTP_REFERER"=>"/"}
REQUESTING PAGE: GET / with {} and HTTP headers {}
REQUESTING PAGE: GET /about with {} and HTTP headers {"HTTP_REFERER"=>"/"}
REQUESTING PAGE: GET /help with {} and HTTP headers {"HTTP_REFERER"=>"/about"}
REQUESTING PAGE: GET /contact with {} and HTTP headers {"HTTP_REFERER"=>"/help"}
REQUESTING PAGE: GET / with {} and HTTP headers {"HTTP_REFERER"=>"/contact"}
REQUESTING PAGE: GET /signup with {} and HTTP headers {"HTTP_REFERER"=>"/"}
REQUESTING PAGE: GET / with {} and HTTP headers {}
REQUESTING PAGE: GET /about with {} and HTTP headers {"HTTP_REFERER"=>"/"}
REQUESTING PAGE: GET /help with {} and HTTP headers {"HTTP_REFERER"=>"/about"}
REQUESTING PAGE: GET /contact with {} and HTTP headers {"HTTP_REFERER"=>"/help"}
REQUESTING PAGE: GET / with {} and HTTP headers {"HTTP_REFERER"=>"/contact"}
REQUESTING PAGE: GET /signup with {} and HTTP headers {"HTTP_REFERER"=>"/"}
REQUESTING PAGE: GET / with {} and HTTP headers {}
REQUESTING PAGE: GET /about with {} and HTTP headers {"HTTP_REFERER"=>"/"}
REQUESTING PAGE: GET /help with {} and HTTP headers {"HTTP_REFERER"=>"/about"}
REQUESTING PAGE: GET /contact with {} and HTTP headers {"HTTP_REFERER"=>"/help"}
REQUESTING PAGE: GET / with {} and HTTP headers {"HTTP_REFERER"=>"/contact"}
REQUESTING PAGE: GET /signup with {} and HTTP headers {"HTTP_REFERER"=>"/"}
REQUESTING PAGE: GET / with {} and HTTP headers {}
REQUESTING PAGE: GET /about with {} and HTTP headers {"HTTP_REFERER"=>"/"}
REQUESTING PAGE: GET /help with {} and HTTP headers {"HTTP_REFERER"=>"/about"}
REQUESTING PAGE: GET /contact with {} and HTTP headers {"HTTP_REFERER"=>"/help"}
REQUESTING PAGE: GET / with {} and HTTP headers {"HTTP_REFERER"=>"/contact"}
REQUESTING PAGE: GET /signup with {} and HTTP headers {"HTTP_REFERER"=>"/"}
REQUESTING PAGE: GET / with {} and HTTP headers {}
REQUESTING PAGE: GET /about with {} and HTTP headers {"HTTP_REFERER"=>"/"}
REQUESTING PAGE: GET /help with {} and HTTP headers {"HTTP_REFERER"=>"/about"}
REQUESTING PAGE: GET /contact with {} and HTTP headers {"HTTP_REFERER"=>"/help"}
REQUESTING PAGE: GET / with {} and HTTP headers {"HTTP_REFERER"=>"/contact"}
REQUESTING PAGE: GET /signup with {} and HTTP headers {"HTTP_REFERER"=>"/"}
REQUESTING PAGE: GET / with {} and HTTP headers {}
REQUESTING PAGE: GET /about with {} and HTTP headers {"HTTP_REFERER"=>"/"}
REQUESTING PAGE: GET /help with {} and HTTP headers {"HTTP_REFERER"=>"/about"}
REQUESTING PAGE: GET /contact with {} and HTTP headers {"HTTP_REFERER"=>"/help"}
REQUESTING PAGE: GET / with {} and HTTP headers {"HTTP_REFERER"=>"/contact"}
REQUESTING PAGE: GET /signup with {} and HTTP headers {"HTTP_REFERER"=>"/"}
REQUESTING PAGE: GET / with {} and HTTP headers {}
REQUESTING PAGE: GET /about with {} and HTTP headers {"HTTP_REFERER"=>"/"}
REQUESTING PAGE: GET /help with {} and HTTP headers {"HTTP_REFERER"=>"/about"}
REQUESTING PAGE: GET /contact with {} and HTTP headers {"HTTP_REFERER"=>"/help"}
REQUESTING PAGE: GET / with {} and HTTP headers {"HTTP_REFERER"=>"/contact"}
REQUESTING PAGE: GET /signup with {} and HTTP headers {"HTTP_REFERER"=>"/"}
REQUESTING PAGE: GET / with {} and HTTP headers {}
REQUESTING PAGE: GET /about with {} and HTTP headers {"HTTP_REFERER"=>"/"}
REQUESTING PAGE: GET /help with {} and HTTP headers {"HTTP_REFERER"=>"/about"}
REQUESTING PAGE: GET /contact with {} and HTTP headers {"HTTP_REFERER"=>"/help"}
REQUESTING PAGE: GET / with {} and HTTP headers {"HTTP_REFERER"=>"/contact"}
REQUESTING PAGE: GET /signup with {} and HTTP headers {"HTTP_REFERER"=>"/"}
REQUESTING PAGE: GET / with {} and HTTP headers {}
REQUESTING PAGE: GET /about with {} and HTTP headers {"HTTP_REFERER"=>"/"}
REQUESTING PAGE: GET /help with {} and HTTP headers {"HTTP_REFERER"=>"/about"}
REQUESTING PAGE: GET /contact with {} and HTTP headers {"HTTP_REFERER"=>"/help"}
REQUESTING PAGE: GET / with {} and HTTP headers {"HTTP_REFERER"=>"/contact"}
REQUESTING PAGE: GET /signup with {} and HTTP headers {"HTTP_REFERER"=>"/"}
REQUESTING PAGE: GET / with {} and HTTP headers {}
REQUESTING PAGE: GET /about with {} and HTTP headers {"HTTP_REFERER"=>"/"}
REQUESTING PAGE: GET /help with {} and HTTP headers {"HTTP_REFERER"=>"/about"}
REQUESTING PAGE: GET /contact with {} and HTTP headers {"HTTP_REFERER"=>"/help"}
REQUESTING PAGE: GET / with {} and HTTP headers {"HTTP_REFERER"=>"/contact"}
REQUESTING PAGE: GET /signup with {} and HTTP headers {"HTTP_REFERER"=>"/"}
REQUESTING PAGE: GET / with {} and HTTP headers {}
REQUESTING PAGE: GET /about with {} and HTTP headers {"HTTP_REFERER"=>"/"}
REQUESTING PAGE: GET /help with {} and HTTP headers {"HTTP_REFERER"=>"/about"}
REQUESTING PAGE: GET /contact with {} and HTTP headers {"HTTP_REFERER"=>"/help"}
REQUESTING PAGE: GET / with {} and HTTP headers {"HTTP_REFERER"=>"/contact"}
REQUESTING PAGE: GET /signup with {} and HTTP headers {"HTTP_REFERER"=>"/"}
REQUESTING PAGE: GET / with {} and HTTP headers {}
REQUESTING PAGE: GET /about with {} and HTTP headers {"HTTP_REFERER"=>"/"}
REQUESTING PAGE: GET /help with {} and HTTP headers {"HTTP_REFERER"=>"/about"}
REQUESTING PAGE: GET /contact with {} and HTTP headers {"HTTP_REFERER"=>"/help"}
REQUESTING PAGE: GET / with {} and HTTP headers {"HTTP_REFERER"=>"/contact"}
REQUESTING PAGE: GET /signup with {} and HTTP headers {"HTTP_REFERER"=>"/"}
REQUESTING PAGE: GET / with {} and HTTP headers {}
REQUESTING PAGE: GET /about with {} and HTTP headers {"HTTP_REFERER"=>"/"}
REQUESTING PAGE: GET /help with {} and HTTP headers {"HTTP_REFERER"=>"/about"}
REQUESTING PAGE: GET /contact with {} and HTTP headers {"HTTP_REFERER"=>"/help"}
REQUESTING PAGE: GET / with {} and HTTP headers {"HTTP_REFERER"=>"/contact"}
REQUESTING PAGE: GET /signup with {} and HTTP headers {"HTTP_REFERER"=>"/"}
REQUESTING PAGE: GET / with {} and HTTP headers {}
REQUESTING PAGE: GET /about with {} and HTTP headers {"HTTP_REFERER"=>"/"}
REQUESTING PAGE: GET /help with {} and HTTP headers {"HTTP_REFERER"=>"/about"}
REQUESTING PAGE: GET /contact with {} and HTTP headers {"HTTP_REFERER"=>"/help"}
REQUESTING PAGE: GET / with {} and HTTP headers {"HTTP_REFERER"=>"/contact"}
REQUESTING PAGE: GET /signup with {} and HTTP headers {"HTTP_REFERER"=>"/"}
REQUESTING PAGE: GET / with {} and HTTP headers {}
REQUESTING PAGE: GET /about with {} and HTTP headers {"HTTP_REFERER"=>"/"}
REQUESTING PAGE: GET /help with {} and HTTP headers {"HTTP_REFERER"=>"/about"}
REQUESTING PAGE: GET /contact with {} and HTTP headers {"HTTP_REFERER"=>"/help"}
REQUESTING PAGE: GET / with {} and HTTP headers {"HTTP_REFERER"=>"/contact"}
REQUESTING PAGE: GET /signup with {} and HTTP headers {"HTTP_REFERER"=>"/"}
REQUESTING PAGE: GET / with {} and HTTP headers {}
REQUESTING PAGE: GET /about with {} and HTTP headers {"HTTP_REFERER"=>"/"}
REQUESTING PAGE: GET /help with {} and HTTP headers {"HTTP_REFERER"=>"/about"}
REQUESTING PAGE: GET /contact with {} and HTTP headers {"HTTP_REFERER"=>"/help"}
REQUESTING PAGE: GET / with {} and HTTP headers {"HTTP_REFERER"=>"/contact"}
REQUESTING PAGE: GET /signup with {} and HTTP headers {"HTTP_REFERER"=>"/"}
REQUESTING PAGE: GET / with {} and HTTP headers {}
REQUESTING PAGE: GET /about with {} and HTTP headers {"HTTP_REFERER"=>"/"}
REQUESTING PAGE: GET /help with {} and HTTP headers {"HTTP_REFERER"=>"/about"}
REQUESTING PAGE: GET /contact with {} and HTTP headers {"HTTP_REFERER"=>"/help"}
REQUESTING PAGE: GET / with {} and HTTP headers {"HTTP_REFERER"=>"/contact"}
REQUESTING PAGE: GET /signup with {} and HTTP headers {"HTTP_REFERER"=>"/"}
REQUESTING PAGE: GET / with {} and HTTP headers {}
REQUESTING PAGE: GET /about with {} and HTTP headers {"HTTP_REFERER"=>"/"}
REQUESTING PAGE: GET /help with {} and HTTP headers {"HTTP_REFERER"=>"/about"}
REQUESTING PAGE: GET /contact with {} and HTTP headers {"HTTP_REFERER"=>"/help"}
REQUESTING PAGE: GET / with {} and HTTP headers {"HTTP_REFERER"=>"/contact"}
REQUESTING PAGE: GET /signup with {} and HTTP headers {"HTTP_REFERER"=>"/"}
REQUESTING PAGE: GET / with {} and HTTP headers {}
REQUESTING PAGE: GET /about with {} and HTTP headers {"HTTP_REFERER"=>"/"}
REQUESTING PAGE: GET /help with {} and HTTP headers {"HTTP_REFERER"=>"/about"}
REQUESTING PAGE: GET /contact with {} and HTTP headers {"HTTP_REFERER"=>"/help"}
REQUESTING PAGE: GET / with {} and HTTP headers {"HTTP_REFERER"=>"/contact"}
REQUESTING PAGE: GET /signup with {} and HTTP headers {"HTTP_REFERER"=>"/"}
REQUESTING PAGE: GET / with {} and HTTP headers {}
REQUESTING PAGE: GET /about with {} and HTTP headers {"HTTP_REFERER"=>"/"}
REQUESTING PAGE: GET /help with {} and HTTP headers {"HTTP_REFERER"=>"/about"}
REQUESTING PAGE: GET /contact with {} and HTTP headers {"HTTP_REFERER"=>"/help"}
REQUESTING PAGE: GET / with {} and HTTP headers {"HTTP_REFERER"=>"/contact"}
REQUESTING PAGE: GET /signup with {} and HTTP headers {"HTTP_REFERER"=>"/"}
REQUESTING PAGE: GET / with {} and HTTP headers {}
REQUESTING PAGE: GET /about with {} and HTTP headers {"HTTP_REFERER"=>"/"}
REQUESTING PAGE: GET /help with {} and HTTP headers {"HTTP_REFERER"=>"/about"}
REQUESTING PAGE: GET /contact with {} and HTTP headers {"HTTP_REFERER"=>"/help"}
REQUESTING PAGE: GET / with {} and HTTP headers {"HTTP_REFERER"=>"/contact"}
REQUESTING PAGE: GET /signup with {} and HTTP headers {"HTTP_REFERER"=>"/"}
REQUESTING PAGE: GET / with {} and HTTP headers {}
REQUESTING PAGE: GET /about with {} and HTTP headers {"HTTP_REFERER"=>"/"}
REQUESTING PAGE: GET /help with {} and HTTP headers {"HTTP_REFERER"=>"/about"}
REQUESTING PAGE: GET /contact with {} and HTTP headers {"HTTP_REFERER"=>"/help"}
REQUESTING PAGE: GET / with {} and HTTP headers {"HTTP_REFERER"=>"/contact"}
REQUESTING PAGE: GET /signup with {} and HTTP headers {"HTTP_REFERER"=>"/"}
REQUESTING PAGE: GET / with {} and HTTP headers {}
REQUESTING PAGE: GET /about with {} and HTTP headers {"HTTP_REFERER"=>"/"}
REQUESTING PAGE: GET /help with {} and HTTP headers {"HTTP_REFERER"=>"/about"}
REQUESTING PAGE: GET /contact with {} and HTTP headers {"HTTP_REFERER"=>"/help"}
REQUESTING PAGE: GET / with {} and HTTP headers {"HTTP_REFERER"=>"/contact"}
REQUESTING PAGE: GET /signup with {} and HTTP headers {"HTTP_REFERER"=>"/"}
REQUESTING PAGE: GET / with {} and HTTP headers {}
REQUESTING PAGE: GET /about with {} and HTTP headers {"HTTP_REFERER"=>"/"}
REQUESTING PAGE: GET /help with {} and HTTP headers {"HTTP_REFERER"=>"/about"}
REQUESTING PAGE: GET /contact with {} and HTTP headers {"HTTP_REFERER"=>"/help"}
REQUESTING PAGE: GET / with {} and HTTP headers {"HTTP_REFERER"=>"/contact"}
REQUESTING PAGE: GET /signup with {} and HTTP headers {"HTTP_REFERER"=>"/"}
REQUESTING PAGE: GET / with {} and HTTP headers {}
REQUESTING PAGE: GET /about with {} and HTTP headers {"HTTP_REFERER"=>"/"}
REQUESTING PAGE: GET /help with {} and HTTP headers {"HTTP_REFERER"=>"/about"}
REQUESTING PAGE: GET /contact with {} and HTTP headers {"HTTP_REFERER"=>"/help"}
REQUESTING PAGE: GET / with {} and HTTP headers {"HTTP_REFERER"=>"/contact"}
REQUESTING PAGE: GET /signup with {} and HTTP headers {"HTTP_REFERER"=>"/"}
REQUESTING PAGE: GET / with {} and HTTP headers {}
REQUESTING PAGE: GET /about with {} and HTTP headers {"HTTP_REFERER"=>"/"}
REQUESTING PAGE: GET /help with {} and HTTP headers {"HTTP_REFERER"=>"/about"}
REQUESTING PAGE: GET /contact with {} and HTTP headers {"HTTP_REFERER"=>"/help"}
REQUESTING PAGE: GET / with {} and HTTP headers {"HTTP_REFERER"=>"/contact"}
REQUESTING PAGE: GET /signup with {} and HTTP headers {"HTTP_REFERER"=>"/"}
REQUESTING PAGE: GET / with {} and HTTP headers {}
REQUESTING PAGE: GET /about with {} and HTTP headers {"HTTP_REFERER"=>"/"}
REQUESTING PAGE: GET /help with {} and HTTP headers {"HTTP_REFERER"=>"/about"}
REQUESTING PAGE: GET /contact with {} and HTTP headers {"HTTP_REFERER"=>"/help"}
REQUESTING PAGE: GET / with {} and HTTP headers {"HTTP_REFERER"=>"/contact"}
REQUESTING PAGE: GET /signup with {} and HTTP headers {"HTTP_REFERER"=>"/"}
REQUESTING PAGE: GET / with {} and HTTP headers {}
REQUESTING PAGE: GET /about with {} and HTTP headers {"HTTP_REFERER"=>"/"}
REQUESTING PAGE: GET /help with {} and HTTP headers {"HTTP_REFERER"=>"/about"}
REQUESTING PAGE: GET /contact with {} and HTTP headers {"HTTP_REFERER"=>"/help"}
REQUESTING PAGE: GET / with {} and HTTP headers {"HTTP_REFERER"=>"/contact"}
REQUESTING PAGE: GET /signup with {} and HTTP headers {"HTTP_REFERER"=>"/"}
REQUESTING PAGE: GET / with {} and HTTP headers {}
REQUESTING PAGE: GET /about with {} and HTTP headers {"HTTP_REFERER"=>"/"}
REQUESTING PAGE: GET /help with {} and HTTP headers {"HTTP_REFERER"=>"/about"}
REQUESTING PAGE: GET /contact with {} and HTTP headers {"HTTP_REFERER"=>"/help"}
REQUESTING PAGE: GET / with {} and HTTP headers {"HTTP_REFERER"=>"/contact"}
REQUESTING PAGE: GET /signup with {} and HTTP headers {"HTTP_REFERER"=>"/"}
REQUESTING PAGE: GET / with {} and HTTP headers {}
REQUESTING PAGE: GET /about with {} and HTTP headers {"HTTP_REFERER"=>"/"}
REQUESTING PAGE: GET /help with {} and HTTP headers {"HTTP_REFERER"=>"/about"}
REQUESTING PAGE: GET /contact with {} and HTTP headers {"HTTP_REFERER"=>"/help"}
REQUESTING PAGE: GET / with {} and HTTP headers {"HTTP_REFERER"=>"/contact"}
REQUESTING PAGE: GET /signup with {} and HTTP headers {"HTTP_REFERER"=>"/"}
REQUESTING PAGE: GET / with {} and HTTP headers {}
REQUESTING PAGE: GET /about with {} and HTTP headers {"HTTP_REFERER"=>"/"}
REQUESTING PAGE: GET /help with {} and HTTP headers {"HTTP_REFERER"=>"/about"}
REQUESTING PAGE: GET /contact with {} and HTTP headers {"HTTP_REFERER"=>"/help"}
REQUESTING PAGE: GET / with {} and HTTP headers {"HTTP_REFERER"=>"/contact"}
REQUESTING PAGE: GET /signup with {} and HTTP headers {"HTTP_REFERER"=>"/"}
REQUESTING PAGE: GET / with {} and HTTP headers {}
REQUESTING PAGE: GET /about with {} and HTTP headers {"HTTP_REFERER"=>"/"}
REQUESTING PAGE: GET /help with {} and HTTP headers {"HTTP_REFERER"=>"/about"}
REQUESTING PAGE: GET /contact with {} and HTTP headers {"HTTP_REFERER"=>"/help"}
REQUESTING PAGE: GET / with {} and HTTP headers {"HTTP_REFERER"=>"/contact"}
REQUESTING PAGE: GET /signup with {} and HTTP headers {"HTTP_REFERER"=>"/"}
REQUESTING PAGE: GET / with {} and HTTP headers {}
REQUESTING PAGE: GET /about with {} and HTTP headers {"HTTP_REFERER"=>"/"}
REQUESTING PAGE: GET /help with {} and HTTP headers {"HTTP_REFERER"=>"/about"}
REQUESTING PAGE: GET /contact with {} and HTTP headers {"HTTP_REFERER"=>"/help"}
REQUESTING PAGE: GET / with {} and HTTP headers {"HTTP_REFERER"=>"/contact"}
REQUESTING PAGE: GET /signup with {} and HTTP headers {"HTTP_REFERER"=>"/"}
REQUESTING PAGE: GET / with {} and HTTP headers {}
REQUESTING PAGE: GET /about with {} and HTTP headers {"HTTP_REFERER"=>"/"}
REQUESTING PAGE: GET /help with {} and HTTP headers {"HTTP_REFERER"=>"/about"}
REQUESTING PAGE: GET /contact with {} and HTTP headers {"HTTP_REFERER"=>"/help"}
REQUESTING PAGE: GET / with {} and HTTP headers {"HTTP_REFERER"=>"/contact"}
REQUESTING PAGE: GET /signup with {} and HTTP headers {"HTTP_REFERER"=>"/"}
REQUESTING PAGE: GET /signup with {} and HTTP headers {}
REQUESTING PAGE: POST /users with {"utf8"=>"✓", "user"=>{"name"=>"", "email"=>"", "password"=>"", "password_confirmation"=>""}, "commit"=>"Sign up"} and HTTP headers {"HTTP_REFERER"=>"/signup"}
REQUESTING PAGE: GET / with {} and HTTP headers {}
REQUESTING PAGE: GET /about with {} and HTTP headers {"HTTP_REFERER"=>"/"}
REQUESTING PAGE: GET /help with {} and HTTP headers {"HTTP_REFERER"=>"/about"}
REQUESTING PAGE: GET /contact with {} and HTTP headers {"HTTP_REFERER"=>"/help"}
REQUESTING PAGE: GET / with {} and HTTP headers {"HTTP_REFERER"=>"/contact"}
REQUESTING PAGE: GET /signup with {} and HTTP headers {"HTTP_REFERER"=>"/"}
REQUESTING PAGE: GET /signup with {} and HTTP headers {}
REQUESTING PAGE: POST /users with {"utf8"=>"✓", "user"=>{"name"=>"", "email"=>"", "password"=>"", "password_confirmation"=>""}, "commit"=>"Sign up"} and HTTP headers {"HTTP_REFERER"=>"/signup"}
REQUESTING PAGE: GET / with {} and HTTP headers {}
REQUESTING PAGE: GET /about with {} and HTTP headers {"HTTP_REFERER"=>"/"}
REQUESTING PAGE: GET /help with {} and HTTP headers {"HTTP_REFERER"=>"/about"}
REQUESTING PAGE: GET /contact with {} and HTTP headers {"HTTP_REFERER"=>"/help"}
REQUESTING PAGE: GET / with {} and HTTP headers {"HTTP_REFERER"=>"/contact"}
REQUESTING PAGE: GET /signup with {} and HTTP headers {"HTTP_REFERER"=>"/"}
REQUESTING PAGE: GET /signup with {} and HTTP headers {}
REQUESTING PAGE: POST /users with {"utf8"=>"✓", "user"=>{"name"=>"", "email"=>"", "password"=>"", "password_confirmation"=>""}, "commit"=>"Sign up"} and HTTP headers {"HTTP_REFERER"=>"/signup"}
REQUESTING PAGE: GET /signup with {} and HTTP headers {}
REQUESTING PAGE: POST /users with {"utf8"=>"✓", "user"=>{"name"=>"Example User", "email"=>"user@example.com", "password"=>"foobar", "password_confirmation"=>"foobar"}, "commit"=>"Sign up"} and HTTP headers {"HTTP_REFERER"=>"/signup"}
REQUESTING PAGE: GET http://www.example.com/users/177 with {} and HTTP headers {"HTTP_REFERER"=>"/users"}
REQUESTING PAGE: GET / with {} and HTTP headers {}
REQUESTING PAGE: GET /about with {} and HTTP headers {"HTTP_REFERER"=>"/"}
REQUESTING PAGE: GET /help with {} and HTTP headers {"HTTP_REFERER"=>"/about"}
REQUESTING PAGE: GET /contact with {} and HTTP headers {"HTTP_REFERER"=>"/help"}
REQUESTING PAGE: GET / with {} and HTTP headers {"HTTP_REFERER"=>"/contact"}
REQUESTING PAGE: GET /signup with {} and HTTP headers {"HTTP_REFERER"=>"/"}
REQUESTING PAGE: GET /signup with {} and HTTP headers {}
REQUESTING PAGE: POST /users with {"utf8"=>"✓", "user"=>{"name"=>"", "email"=>"", "password"=>"", "password_confirmation"=>""}, "commit"=>"Sign up"} and HTTP headers {"HTTP_REFERER"=>"/signup"}
REQUESTING PAGE: GET /signup with {} and HTTP headers {}
REQUESTING PAGE: POST /users with {"utf8"=>"✓", "user"=>{"name"=>"Example User", "email"=>"user@example.com", "password"=>"foobar", "password_confirmation"=>"foobar"}, "commit"=>"Sign up"} and HTTP headers {"HTTP_REFERER"=>"/signup"}
REQUESTING PAGE: GET http://www.example.com/users/196 with {} and HTTP headers {"HTTP_REFERER"=>"/users"}
REQUESTING PAGE: GET / with {} and HTTP headers {}
REQUESTING PAGE: GET /about with {} and HTTP headers {"HTTP_REFERER"=>"/"}
REQUESTING PAGE: GET /help with {} and HTTP headers {"HTTP_REFERER"=>"/about"}
REQUESTING PAGE: GET /contact with {} and HTTP headers {"HTTP_REFERER"=>"/help"}
REQUESTING PAGE: GET / with {} and HTTP headers {"HTTP_REFERER"=>"/contact"}
REQUESTING PAGE: GET /signup with {} and HTTP headers {"HTTP_REFERER"=>"/"}
REQUESTING PAGE: GET /signup with {} and HTTP headers {}
REQUESTING PAGE: POST /users with {"utf8"=>"✓", "user"=>{"name"=>"", "email"=>"", "password"=>"", "password_confirmation"=>""}, "commit"=>"Sign up"} and HTTP headers {"HTTP_REFERER"=>"/signup"}
REQUESTING PAGE: GET /signup with {} and HTTP headers {}
REQUESTING PAGE: POST /users with {"utf8"=>"✓", "user"=>{"name"=>"Example User", "email"=>"user@example.com", "password"=>"foobar", "password_confirmation"=>"foobar"}, "commit"=>"Sign up"} and HTTP headers {"HTTP_REFERER"=>"/signup"}
REQUESTING PAGE: GET http://www.example.com/users/215 with {} and HTTP headers {"HTTP_REFERER"=>"/users"}
REQUESTING PAGE: GET / with {} and HTTP headers {}
REQUESTING PAGE: GET /about with {} and HTTP headers {"HTTP_REFERER"=>"/"}
REQUESTING PAGE: GET /help with {} and HTTP headers {"HTTP_REFERER"=>"/about"}
REQUESTING PAGE: GET /contact with {} and HTTP headers {"HTTP_REFERER"=>"/help"}
REQUESTING PAGE: GET / with {} and HTTP headers {"HTTP_REFERER"=>"/contact"}
REQUESTING PAGE: GET /signup with {} and HTTP headers {"HTTP_REFERER"=>"/"}
REQUESTING PAGE: GET /signup with {} and HTTP headers {}
REQUESTING PAGE: POST /users with {"utf8"=>"✓", "user"=>{"name"=>"", "email"=>"", "password"=>"", "password_confirmation"=>""}, "commit"=>"Sign up"} and HTTP headers {"HTTP_REFERER"=>"/signup"}
REQUESTING PAGE: GET /signup with {} and HTTP headers {}
REQUESTING PAGE: POST /users with {"utf8"=>"✓", "user"=>{"name"=>"Example User", "email"=>"user@example.com", "password"=>"foobar", "password_confirmation"=>"foobar"}, "commit"=>"Sign up"} and HTTP headers {"HTTP_REFERER"=>"/signup"}
REQUESTING PAGE: GET http://www.example.com/users/1 with {} and HTTP headers {"HTTP_REFERER"=>"/users"}
REQUESTING PAGE: GET / with {} and HTTP headers {}
REQUESTING PAGE: GET /about with {} and HTTP headers {"HTTP_REFERER"=>"/"}
REQUESTING PAGE: GET /help with {} and HTTP headers {"HTTP_REFERER"=>"/about"}
REQUESTING PAGE: GET /contact with {} and HTTP headers {"HTTP_REFERER"=>"/help"}
REQUESTING PAGE: GET / with {} and HTTP headers {"HTTP_REFERER"=>"/contact"}
REQUESTING PAGE: GET /signup with {} and HTTP headers {"HTTP_REFERER"=>"/"}
REQUESTING PAGE: GET /signup with {} and HTTP headers {}
REQUESTING PAGE: POST /users with {"utf8"=>"✓", "user"=>{"name"=>"", "email"=>"", "password"=>"", "password_confirmation"=>""}, "commit"=>"Sign up"} and HTTP headers {"HTTP_REFERER"=>"/signup"}
REQUESTING PAGE: GET /signup with {} and HTTP headers {}
REQUESTING PAGE: POST /users with {"utf8"=>"✓", "user"=>{"name"=>"Example User", "email"=>"user@example.com", "password"=>"foobar", "password_confirmation"=>"foobar"}, "commit"=>"Sign up"} and HTTP headers {"HTTP_REFERER"=>"/signup"}
REQUESTING PAGE: GET http://www.example.com/users/1 with {} and HTTP headers {"HTTP_REFERER"=>"/users"}
REQUESTING PAGE: GET / with {} and HTTP headers {}
REQUESTING PAGE: GET /about with {} and HTTP headers {"HTTP_REFERER"=>"/"}
REQUESTING PAGE: GET /help with {} and HTTP headers {"HTTP_REFERER"=>"/about"}
REQUESTING PAGE: GET /contact with {} and HTTP headers {"HTTP_REFERER"=>"/help"}
REQUESTING PAGE: GET / with {} and HTTP headers {"HTTP_REFERER"=>"/contact"}
REQUESTING PAGE: GET /signup with {} and HTTP headers {"HTTP_REFERER"=>"/"}
REQUESTING PAGE: GET /signup with {} and HTTP headers {}
REQUESTING PAGE: POST /users with {"utf8"=>"✓", "user"=>{"name"=>"", "email"=>"", "password"=>"", "password_confirmation"=>""}, "commit"=>"Sign up"} and HTTP headers {"HTTP_REFERER"=>"/signup"}
REQUESTING PAGE: GET /signup with {} and HTTP headers {}
REQUESTING PAGE: POST /users with {"utf8"=>"✓", "user"=>{"name"=>"Example User", "email"=>"user@example.com", "password"=>"foobar", "password_confirmation"=>"foobar"}, "commit"=>"Sign up"} and HTTP headers {"HTTP_REFERER"=>"/signup"}
REQUESTING PAGE: GET http://www.example.com/users/20 with {} and HTTP headers {"HTTP_REFERER"=>"/users"}
REQUESTING PAGE: GET / with {} and HTTP headers {}
REQUESTING PAGE: GET /about with {} and HTTP headers {"HTTP_REFERER"=>"/"}
REQUESTING PAGE: GET /help with {} and HTTP headers {"HTTP_REFERER"=>"/about"}
REQUESTING PAGE: GET /contact with {} and HTTP headers {"HTTP_REFERER"=>"/help"}
REQUESTING PAGE: GET / with {} and HTTP headers {"HTTP_REFERER"=>"/contact"}
REQUESTING PAGE: GET /signup with {} and HTTP headers {"HTTP_REFERER"=>"/"}
REQUESTING PAGE: GET /signup with {} and HTTP headers {}
REQUESTING PAGE: POST /users with {"utf8"=>"✓", "user"=>{"name"=>"", "email"=>"", "password"=>"", "password_confirmation"=>""}, "commit"=>"Sign up"} and HTTP headers {"HTTP_REFERER"=>"/signup"}
REQUESTING PAGE: GET /signup with {} and HTTP headers {}
REQUESTING PAGE: POST /users with {"utf8"=>"✓", "user"=>{"name"=>"Example User", "email"=>"user@example.com", "password"=>"foobar", "password_confirmation"=>"foobar"}, "commit"=>"Sign up"} and HTTP headers {"HTTP_REFERER"=>"/signup"}
REQUESTING PAGE: GET http://www.example.com/users/39 with {} and HTTP headers {"HTTP_REFERER"=>"/users"}
REQUESTING PAGE: GET / with {} and HTTP headers {}
REQUESTING PAGE: GET /about with {} and HTTP headers {"HTTP_REFERER"=>"/"}
REQUESTING PAGE: GET /help with {} and HTTP headers {"HTTP_REFERER"=>"/about"}
REQUESTING PAGE: GET /contact with {} and HTTP headers {"HTTP_REFERER"=>"/help"}
REQUESTING PAGE: GET / with {} and HTTP headers {"HTTP_REFERER"=>"/contact"}
REQUESTING PAGE: GET /signup with {} and HTTP headers {"HTTP_REFERER"=>"/"}
REQUESTING PAGE: GET /signup with {} and HTTP headers {}
REQUESTING PAGE: POST /users with {"utf8"=>"✓", "user"=>{"name"=>"", "email"=>"", "password"=>"", "password_confirmation"=>""}, "commit"=>"Sign up"} and HTTP headers {"HTTP_REFERER"=>"/signup"}
REQUESTING PAGE: GET /signup with {} and HTTP headers {}
REQUESTING PAGE: POST /users with {"utf8"=>"✓", "user"=>{"name"=>"Example User", "email"=>"user@example.com", "password"=>"foobar", "password_confirmation"=>"foobar"}, "commit"=>"Sign up"} and HTTP headers {"HTTP_REFERER"=>"/signup"}
REQUESTING PAGE: GET http://www.example.com/users/58 with {} and HTTP headers {"HTTP_REFERER"=>"/users"}
REQUESTING PAGE: GET / with {} and HTTP headers {}
REQUESTING PAGE: GET /about with {} and HTTP headers {"HTTP_REFERER"=>"/"}
REQUESTING PAGE: GET /help with {} and HTTP headers {"HTTP_REFERER"=>"/about"}
REQUESTING PAGE: GET /contact with {} and HTTP headers {"HTTP_REFERER"=>"/help"}
REQUESTING PAGE: GET / with {} and HTTP headers {"HTTP_REFERER"=>"/contact"}
REQUESTING PAGE: GET /signup with {} and HTTP headers {"HTTP_REFERER"=>"/"}
REQUESTING PAGE: GET /signup with {} and HTTP headers {}
REQUESTING PAGE: POST /users with {"utf8"=>"✓", "user"=>{"name"=>"", "email"=>"", "password"=>"", "password_confirmation"=>""}, "commit"=>"Sign up"} and HTTP headers {"HTTP_REFERER"=>"/signup"}
REQUESTING PAGE: GET /signup with {} and HTTP headers {}
REQUESTING PAGE: POST /users with {"utf8"=>"✓", "user"=>{"name"=>"Example User", "email"=>"user@example.com", "password"=>"foobar", "password_confirmation"=>"foobar"}, "commit"=>"Sign up"} and HTTP headers {"HTTP_REFERER"=>"/signup"}
REQUESTING PAGE: GET http://www.example.com/users/79 with {} and HTTP headers {"HTTP_REFERER"=>"/users"}
REQUESTING PAGE: GET / with {} and HTTP headers {}
REQUESTING PAGE: GET /about with {} and HTTP headers {"HTTP_REFERER"=>"/"}
REQUESTING PAGE: GET /help with {} and HTTP headers {"HTTP_REFERER"=>"/about"}
REQUESTING PAGE: GET /contact with {} and HTTP headers {"HTTP_REFERER"=>"/help"}
REQUESTING PAGE: GET / with {} and HTTP headers {"HTTP_REFERER"=>"/contact"}
REQUESTING PAGE: GET /signup with {} and HTTP headers {"HTTP_REFERER"=>"/"}
REQUESTING PAGE: GET /signup with {} and HTTP headers {}
REQUESTING PAGE: POST /users with {"utf8"=>"✓", "user"=>{"name"=>"", "email"=>"", "password"=>"", "password_confirmation"=>""}, "commit"=>"Sign up"} and HTTP headers {"HTTP_REFERER"=>"/signup"}
REQUESTING PAGE: GET /signup with {} and HTTP headers {}
REQUESTING PAGE: POST /users with {"utf8"=>"✓", "user"=>{"name"=>"Example User", "email"=>"user@example.com", "password"=>"foobar", "password_confirmation"=>"foobar"}, "commit"=>"Sign up"} and HTTP headers {"HTTP_REFERER"=>"/signup"}
REQUESTING PAGE: GET http://www.example.com/users/100 with {} and HTTP headers {"HTTP_REFERER"=>"/users"}
REQUESTING PAGE: GET / with {} and HTTP headers {}
REQUESTING PAGE: GET /about with {} and HTTP headers {"HTTP_REFERER"=>"/"}
REQUESTING PAGE: GET /help with {} and HTTP headers {"HTTP_REFERER"=>"/about"}
REQUESTING PAGE: GET /contact with {} and HTTP headers {"HTTP_REFERER"=>"/help"}
REQUESTING PAGE: GET / with {} and HTTP headers {"HTTP_REFERER"=>"/contact"}
REQUESTING PAGE: GET /signup with {} and HTTP headers {"HTTP_REFERER"=>"/"}
REQUESTING PAGE: GET /signup with {} and HTTP headers {}
REQUESTING PAGE: POST /users with {"utf8"=>"✓", "user"=>{"name"=>"", "email"=>"", "password"=>"", "password_confirmation"=>""}, "commit"=>"Sign up"} and HTTP headers {"HTTP_REFERER"=>"/signup"}
REQUESTING PAGE: GET /signup with {} and HTTP headers {}
REQUESTING PAGE: POST /users with {"utf8"=>"✓", "user"=>{"name"=>"Example User", "email"=>"user@example.com", "password"=>"foobar", "password_confirmation"=>"foobar"}, "commit"=>"Sign up"} and HTTP headers {"HTTP_REFERER"=>"/signup"}
REQUESTING PAGE: GET http://www.example.com/users/121 with {} and HTTP headers {"HTTP_REFERER"=>"/users"}
REQUESTING PAGE: GET / with {} and HTTP headers {}
REQUESTING PAGE: GET /about with {} and HTTP headers {"HTTP_REFERER"=>"/"}
REQUESTING PAGE: GET /help with {} and HTTP headers {"HTTP_REFERER"=>"/about"}
REQUESTING PAGE: GET /contact with {} and HTTP headers {"HTTP_REFERER"=>"/help"}
REQUESTING PAGE: GET / with {} and HTTP headers {"HTTP_REFERER"=>"/contact"}
REQUESTING PAGE: GET /signup with {} and HTTP headers {"HTTP_REFERER"=>"/"}
REQUESTING PAGE: GET /signup with {} and HTTP headers {}
REQUESTING PAGE: POST /users with {"utf8"=>"✓", "user"=>{"name"=>"", "email"=>"", "password"=>"", "password_confirmation"=>""}, "commit"=>"Sign up"} and HTTP headers {"HTTP_REFERER"=>"/signup"}
REQUESTING PAGE: GET /signup with {} and HTTP headers {}
REQUESTING PAGE: POST /users with {"utf8"=>"✓", "user"=>{"name"=>"Example User", "email"=>"user@example.com", "password"=>"foobar", "password_confirmation"=>"foobar"}, "commit"=>"Sign up"} and HTTP headers {"HTTP_REFERER"=>"/signup"}
REQUESTING PAGE: GET http://www.example.com/users/142 with {} and HTTP headers {"HTTP_REFERER"=>"/users"}
REQUESTING PAGE: GET / with {} and HTTP headers {}
REQUESTING PAGE: GET /about with {} and HTTP headers {"HTTP_REFERER"=>"/"}
REQUESTING PAGE: GET /help with {} and HTTP headers {"HTTP_REFERER"=>"/about"}
REQUESTING PAGE: GET /contact with {} and HTTP headers {"HTTP_REFERER"=>"/help"}
REQUESTING PAGE: GET / with {} and HTTP headers {"HTTP_REFERER"=>"/contact"}
REQUESTING PAGE: GET /signup with {} and HTTP headers {"HTTP_REFERER"=>"/"}
REQUESTING PAGE: GET /signup with {} and HTTP headers {}
REQUESTING PAGE: POST /users with {"utf8"=>"✓", "user"=>{"name"=>"", "email"=>"", "password"=>"", "password_confirmation"=>""}, "commit"=>"Sign up"} and HTTP headers {"HTTP_REFERER"=>"/signup"}
REQUESTING PAGE: GET /signup with {} and HTTP headers {}
REQUESTING PAGE: POST /users with {"utf8"=>"✓", "user"=>{"name"=>"Example User", "email"=>"user@example.com", "password"=>"foobar", "password_confirmation"=>"foobar"}, "commit"=>"Sign up"} and HTTP headers {"HTTP_REFERER"=>"/signup"}
REQUESTING PAGE: GET http://www.example.com/users/163 with {} and HTTP headers {"HTTP_REFERER"=>"/users"}
REQUESTING PAGE: GET / with {} and HTTP headers {}
REQUESTING PAGE: GET /about with {} and HTTP headers {"HTTP_REFERER"=>"/"}
REQUESTING PAGE: GET /help with {} and HTTP headers {"HTTP_REFERER"=>"/about"}
REQUESTING PAGE: GET /contact with {} and HTTP headers {"HTTP_REFERER"=>"/help"}
REQUESTING PAGE: GET / with {} and HTTP headers {"HTTP_REFERER"=>"/contact"}
REQUESTING PAGE: GET /signup with {} and HTTP headers {"HTTP_REFERER"=>"/"}
REQUESTING PAGE: GET /signup with {} and HTTP headers {}
REQUESTING PAGE: POST /users with {"utf8"=>"✓", "user"=>{"name"=>"", "email"=>"", "password"=>"", "password_confirmation"=>""}, "commit"=>"Sign up"} and HTTP headers {"HTTP_REFERER"=>"/signup"}
REQUESTING PAGE: GET /signup with {} and HTTP headers {}
REQUESTING PAGE: POST /users with {"utf8"=>"✓", "user"=>{"name"=>"Example User", "email"=>"user@example.com", "password"=>"foobar", "password_confirmation"=>"foobar"}, "commit"=>"Sign up"} and HTTP headers {"HTTP_REFERER"=>"/signup"}
REQUESTING PAGE: GET http://www.example.com/users/185 with {} and HTTP headers {"HTTP_REFERER"=>"/users"}
REQUESTING PAGE: GET / with {} and HTTP headers {}
REQUESTING PAGE: GET /about with {} and HTTP headers {"HTTP_REFERER"=>"/"}
REQUESTING PAGE: GET /help with {} and HTTP headers {"HTTP_REFERER"=>"/about"}
REQUESTING PAGE: GET /contact with {} and HTTP headers {"HTTP_REFERER"=>"/help"}
REQUESTING PAGE: GET / with {} and HTTP headers {"HTTP_REFERER"=>"/contact"}
REQUESTING PAGE: GET /signup with {} and HTTP headers {"HTTP_REFERER"=>"/"}
REQUESTING PAGE: GET /signup with {} and HTTP headers {}
REQUESTING PAGE: POST /users with {"utf8"=>"✓", "user"=>{"name"=>"", "email"=>"", "password"=>"", "password_confirmation"=>""}, "commit"=>"Sign up"} and HTTP headers {"HTTP_REFERER"=>"/signup"}
REQUESTING PAGE: GET /signup with {} and HTTP headers {}
REQUESTING PAGE: POST /users with {"utf8"=>"✓", "user"=>{"name"=>"Example User", "email"=>"user@example.com", "password"=>"foobar", "password_confirmation"=>"foobar"}, "commit"=>"Sign up"} and HTTP headers {"HTTP_REFERER"=>"/signup"}
REQUESTING PAGE: GET http://www.example.com/users/207 with {} and HTTP headers {"HTTP_REFERER"=>"/users"}
REQUESTING PAGE: GET / with {} and HTTP headers {}
REQUESTING PAGE: GET /about with {} and HTTP headers {"HTTP_REFERER"=>"/"}
REQUESTING PAGE: GET /help with {} and HTTP headers {"HTTP_REFERER"=>"/about"}
REQUESTING PAGE: GET /contact with {} and HTTP headers {"HTTP_REFERER"=>"/help"}
REQUESTING PAGE: GET / with {} and HTTP headers {"HTTP_REFERER"=>"/contact"}
REQUESTING PAGE: GET /signup with {} and HTTP headers {"HTTP_REFERER"=>"/"}
REQUESTING PAGE: GET /signup with {} and HTTP headers {}
REQUESTING PAGE: POST /users with {"utf8"=>"✓", "user"=>{"name"=>"", "email"=>"", "password"=>"", "password_confirmation"=>""}, "commit"=>"Sign up"} and HTTP headers {"HTTP_REFERER"=>"/signup"}
REQUESTING PAGE: GET /signup with {} and HTTP headers {}
REQUESTING PAGE: POST /users with {"utf8"=>"✓", "user"=>{"name"=>"Example User", "email"=>"user@example.com", "password"=>"foobar", "password_confirmation"=>"foobar"}, "commit"=>"Sign up"} and HTTP headers {"HTTP_REFERER"=>"/signup"}
REQUESTING PAGE: GET http://www.example.com/users/230 with {} and HTTP headers {"HTTP_REFERER"=>"/users"}
REQUESTING PAGE: GET / with {} and HTTP headers {}
REQUESTING PAGE: GET /about with {} and HTTP headers {"HTTP_REFERER"=>"/"}
REQUESTING PAGE: GET /help with {} and HTTP headers {"HTTP_REFERER"=>"/about"}
REQUESTING PAGE: GET /contact with {} and HTTP headers {"HTTP_REFERER"=>"/help"}
REQUESTING PAGE: GET / with {} and HTTP headers {"HTTP_REFERER"=>"/contact"}
REQUESTING PAGE: GET /signup with {} and HTTP headers {"HTTP_REFERER"=>"/"}
REQUESTING PAGE: GET / with {} and HTTP headers {}
REQUESTING PAGE: GET /signin with {} and HTTP headers {}
REQUESTING PAGE: POST /sessions with {"utf8"=>"✓", "session"=>{"email"=>"mhartl@example.com", "password"=>"foobar"}, "commit"=>"Sign in"} and HTTP headers {"HTTP_REFERER"=>"/signin"}
REQUESTING PAGE: GET http://www.example.com/users/253 with {} and HTTP headers {"HTTP_REFERER"=>"/sessions"}
REQUESTING PAGE: GET / with {} and HTTP headers {"HTTP_REFERER"=>"http://www.example.com/users/253"}
REQUESTING PAGE: GET /signup with {} and HTTP headers {}
REQUESTING PAGE: POST /users with {"utf8"=>"✓", "user"=>{"name"=>"", "email"=>"", "password"=>"", "password_confirmation"=>""}, "commit"=>"Sign up"} and HTTP headers {"HTTP_REFERER"=>"/signup"}
REQUESTING PAGE: GET /signup with {} and HTTP headers {}
REQUESTING PAGE: POST /users with {"utf8"=>"✓", "user"=>{"name"=>"Example User", "email"=>"user@example.com", "password"=>"foobar", "password_confirmation"=>"foobar"}, "commit"=>"Sign up"} and HTTP headers {"HTTP_REFERER"=>"/signup"}
REQUESTING PAGE: GET http://www.example.com/users/254 with {} and HTTP headers {"HTTP_REFERER"=>"/users"}
REQUESTING PAGE: GET / with {} and HTTP headers {}
REQUESTING PAGE: GET /about with {} and HTTP headers {"HTTP_REFERER"=>"/"}
REQUESTING PAGE: GET /help with {} and HTTP headers {"HTTP_REFERER"=>"/about"}
REQUESTING PAGE: GET /contact with {} and HTTP headers {"HTTP_REFERER"=>"/help"}
REQUESTING PAGE: GET / with {} and HTTP headers {"HTTP_REFERER"=>"/contact"}
REQUESTING PAGE: GET /signup with {} and HTTP headers {"HTTP_REFERER"=>"/"}
REQUESTING PAGE: GET / with {} and HTTP headers {}
REQUESTING PAGE: GET /signin with {} and HTTP headers {}
REQUESTING PAGE: POST /sessions with {"utf8"=>"✓", "session"=>{"email"=>"mhartl@example.com", "password"=>"foobar"}, "commit"=>"Sign in"} and HTTP headers {"HTTP_REFERER"=>"/signin"}
REQUESTING PAGE: GET http://www.example.com/users/277 with {} and HTTP headers {"HTTP_REFERER"=>"/sessions"}
REQUESTING PAGE: GET / with {} and HTTP headers {"HTTP_REFERER"=>"http://www.example.com/users/277"}
REQUESTING PAGE: GET /signup with {} and HTTP headers {}
REQUESTING PAGE: POST /users with {"utf8"=>"✓", "user"=>{"name"=>"", "email"=>"", "password"=>"", "password_confirmation"=>""}, "commit"=>"Sign up"} and HTTP headers {"HTTP_REFERER"=>"/signup"}
REQUESTING PAGE: GET /signup with {} and HTTP headers {}
REQUESTING PAGE: POST /users with {"utf8"=>"✓", "user"=>{"name"=>"Example User", "email"=>"user@example.com", "password"=>"foobar", "password_confirmation"=>"foobar"}, "commit"=>"Sign up"} and HTTP headers {"HTTP_REFERER"=>"/signup"}
REQUESTING PAGE: GET http://www.example.com/users/278 with {} and HTTP headers {"HTTP_REFERER"=>"/users"}
REQUESTING PAGE: GET / with {} and HTTP headers {}
REQUESTING PAGE: GET /about with {} and HTTP headers {"HTTP_REFERER"=>"/"}
REQUESTING PAGE: GET /help with {} and HTTP headers {"HTTP_REFERER"=>"/about"}
REQUESTING PAGE: GET /contact with {} and HTTP headers {"HTTP_REFERER"=>"/help"}
REQUESTING PAGE: GET / with {} and HTTP headers {"HTTP_REFERER"=>"/contact"}
REQUESTING PAGE: GET /signup with {} and HTTP headers {"HTTP_REFERER"=>"/"}
REQUESTING PAGE: GET / with {} and HTTP headers {}
REQUESTING PAGE: GET /signin with {} and HTTP headers {}
REQUESTING PAGE: POST /sessions with {"utf8"=>"✓", "session"=>{"email"=>"mhartl@example.com", "password"=>"foobar"}, "commit"=>"Sign in"} and HTTP headers {"HTTP_REFERER"=>"/signin"}
REQUESTING PAGE: GET http://www.example.com/users/301 with {} and HTTP headers {"HTTP_REFERER"=>"/sessions"}
REQUESTING PAGE: GET / with {} and HTTP headers {"HTTP_REFERER"=>"http://www.example.com/users/301"}
REQUESTING PAGE: GET /signup with {} and HTTP headers {}
REQUESTING PAGE: POST /users with {"utf8"=>"✓", "user"=>{"name"=>"", "email"=>"", "password"=>"", "password_confirmation"=>""}, "commit"=>"Sign up"} and HTTP headers {"HTTP_REFERER"=>"/signup"}
REQUESTING PAGE: GET /signup with {} and HTTP headers {}
REQUESTING PAGE: POST /users with {"utf8"=>"✓", "user"=>{"name"=>"Example User", "email"=>"user@example.com", "password"=>"foobar", "password_confirmation"=>"foobar"}, "commit"=>"Sign up"} and HTTP headers {"HTTP_REFERER"=>"/signup"}
REQUESTING PAGE: GET http://www.example.com/users/302 with {} and HTTP headers {"HTTP_REFERER"=>"/users"}
REQUESTING PAGE: GET / with {} and HTTP headers {}
REQUESTING PAGE: GET /about with {} and HTTP headers {"HTTP_REFERER"=>"/"}
REQUESTING PAGE: GET /help with {} and HTTP headers {"HTTP_REFERER"=>"/about"}
REQUESTING PAGE: GET /contact with {} and HTTP headers {"HTTP_REFERER"=>"/help"}
REQUESTING PAGE: GET / with {} and HTTP headers {"HTTP_REFERER"=>"/contact"}
REQUESTING PAGE: GET /signup with {} and HTTP headers {"HTTP_REFERER"=>"/"}
REQUESTING PAGE: GET / with {} and HTTP headers {}
REQUESTING PAGE: GET /signin with {} and HTTP headers {}
REQUESTING PAGE: POST /sessions with {"utf8"=>"✓", "session"=>{"email"=>"mhartl@example.com", "password"=>"foobar"}, "commit"=>"Sign in"} and HTTP headers {"HTTP_REFERER"=>"/signin"}
REQUESTING PAGE: GET http://www.example.com/users/325 with {} and HTTP headers {"HTTP_REFERER"=>"/sessions"}
REQUESTING PAGE: GET / with {} and HTTP headers {"HTTP_REFERER"=>"http://www.example.com/users/325"}
REQUESTING PAGE: GET /signin with {} and HTTP headers {}
REQUESTING PAGE: POST /sessions with {"utf8"=>"✓", "session"=>{"email"=>"mhartl@example.com", "password"=>"foobar"}, "commit"=>"Sign in"} and HTTP headers {"HTTP_REFERER"=>"/signin"}
REQUESTING PAGE: GET http://www.example.com/users/326 with {} and HTTP headers {"HTTP_REFERER"=>"/sessions"}
REQUESTING PAGE: GET / with {} and HTTP headers {"HTTP_REFERER"=>"http://www.example.com/users/326"}
REQUESTING PAGE: GET /signup with {} and HTTP headers {}
REQUESTING PAGE: POST /users with {"utf8"=>"✓", "user"=>{"name"=>"", "email"=>"", "password"=>"", "password_confirmation"=>""}, "commit"=>"Sign up"} and HTTP headers {"HTTP_REFERER"=>"/signup"}
REQUESTING PAGE: GET /signup with {} and HTTP headers {}
REQUESTING PAGE: POST /users with {"utf8"=>"✓", "user"=>{"name"=>"Example User", "email"=>"user@example.com", "password"=>"foobar", "password_confirmation"=>"foobar"}, "commit"=>"Sign up"} and HTTP headers {"HTTP_REFERER"=>"/signup"}
REQUESTING PAGE: GET http://www.example.com/users/327 with {} and HTTP headers {"HTTP_REFERER"=>"/users"}
REQUESTING PAGE: GET / with {} and HTTP headers {}
REQUESTING PAGE: GET /about with {} and HTTP headers {"HTTP_REFERER"=>"/"}
REQUESTING PAGE: GET /help with {} and HTTP headers {"HTTP_REFERER"=>"/about"}
REQUESTING PAGE: GET /contact with {} and HTTP headers {"HTTP_REFERER"=>"/help"}
REQUESTING PAGE: GET / with {} and HTTP headers {"HTTP_REFERER"=>"/contact"}
REQUESTING PAGE: GET /signup with {} and HTTP headers {"HTTP_REFERER"=>"/"}
REQUESTING PAGE: GET / with {} and HTTP headers {}
REQUESTING PAGE: GET /signin with {} and HTTP headers {}
REQUESTING PAGE: POST /sessions with {"utf8"=>"✓", "session"=>{"email"=>"mhartl@example.com", "password"=>"foobar"}, "commit"=>"Sign in"} and HTTP headers {"HTTP_REFERER"=>"/signin"}
REQUESTING PAGE: GET http://www.example.com/users/350 with {} and HTTP headers {"HTTP_REFERER"=>"/sessions"}
REQUESTING PAGE: GET / with {} and HTTP headers {"HTTP_REFERER"=>"http://www.example.com/users/350"}
REQUESTING PAGE: GET /signin with {} and HTTP headers {}
REQUESTING PAGE: POST /sessions with {"utf8"=>"✓", "session"=>{"email"=>"mhartl@example.com", "password"=>"foobar"}, "commit"=>"Sign in"} and HTTP headers {"HTTP_REFERER"=>"/signin"}
REQUESTING PAGE: GET http://www.example.com/users/351 with {} and HTTP headers {"HTTP_REFERER"=>"/sessions"}
REQUESTING PAGE: GET / with {} and HTTP headers {"HTTP_REFERER"=>"http://www.example.com/users/351"}
REQUESTING PAGE: GET /signup with {} and HTTP headers {}
REQUESTING PAGE: POST /users with {"utf8"=>"✓", "user"=>{"name"=>"", "email"=>"", "password"=>"", "password_confirmation"=>""}, "commit"=>"Sign up"} and HTTP headers {"HTTP_REFERER"=>"/signup"}
REQUESTING PAGE: GET /signup with {} and HTTP headers {}
REQUESTING PAGE: POST /users with {"utf8"=>"✓", "user"=>{"name"=>"Example User", "email"=>"user@example.com", "password"=>"foobar", "password_confirmation"=>"foobar"}, "commit"=>"Sign up"} and HTTP headers {"HTTP_REFERER"=>"/signup"}
REQUESTING PAGE: GET http://www.example.com/users/352 with {} and HTTP headers {"HTTP_REFERER"=>"/users"}
REQUESTING PAGE: GET /signin with {} and HTTP headers {}
REQUESTING PAGE: POST /sessions with {"utf8"=>"✓", "session"=>{"email"=>"", "password"=>""}, "commit"=>"Sign in"} and HTTP headers {"HTTP_REFERER"=>"/signin"}
REQUESTING PAGE: GET /signin with {} and HTTP headers {}
REQUESTING PAGE: POST /sessions with {"utf8"=>"✓", "session"=>{"email"=>"mhartl@example.com", "password"=>"foobar"}, "commit"=>"Sign in"} and HTTP headers {"HTTP_REFERER"=>"/signin"}
REQUESTING PAGE: GET http://www.example.com/users/353 with {} and HTTP headers {"HTTP_REFERER"=>"/sessions"}
REQUESTING PAGE: GET /signout with {} and HTTP headers {"HTTP_REFERER"=>"http://www.example.com/users/353"}
REQUESTING PAGE: GET http://www.example.com/ with {} and HTTP headers {"HTTP_REFERER"=>"/signout"}
REQUESTING PAGE: GET / with {} and HTTP headers {}
REQUESTING PAGE: GET /about with {} and HTTP headers {"HTTP_REFERER"=>"/"}
REQUESTING PAGE: GET /help with {} and HTTP headers {"HTTP_REFERER"=>"/about"}
REQUESTING PAGE: GET /contact with {} and HTTP headers {"HTTP_REFERER"=>"/help"}
REQUESTING PAGE: GET / with {} and HTTP headers {"HTTP_REFERER"=>"/contact"}
REQUESTING PAGE: GET /signup with {} and HTTP headers {"HTTP_REFERER"=>"/"}
REQUESTING PAGE: GET / with {} and HTTP headers {}
REQUESTING PAGE: GET /signin with {} and HTTP headers {}
REQUESTING PAGE: POST /sessions with {"utf8"=>"✓", "session"=>{"email"=>"mhartl@example.com", "password"=>"foobar"}, "commit"=>"Sign in"} and HTTP headers {"HTTP_REFERER"=>"/signin"}
REQUESTING PAGE: GET http://www.example.com/users/376 with {} and HTTP headers {"HTTP_REFERER"=>"/sessions"}
REQUESTING PAGE: GET / with {} and HTTP headers {"HTTP_REFERER"=>"http://www.example.com/users/376"}
REQUESTING PAGE: GET /signin with {} and HTTP headers {}
REQUESTING PAGE: POST /sessions with {"utf8"=>"✓", "session"=>{"email"=>"mhartl@example.com", "password"=>"foobar"}, "commit"=>"Sign in"} and HTTP headers {"HTTP_REFERER"=>"/signin"}
REQUESTING PAGE: GET http://www.example.com/users/377 with {} and HTTP headers {"HTTP_REFERER"=>"/sessions"}
REQUESTING PAGE: GET / with {} and HTTP headers {"HTTP_REFERER"=>"http://www.example.com/users/377"}
REQUESTING PAGE: GET /signup with {} and HTTP headers {}
REQUESTING PAGE: POST /users with {"utf8"=>"✓", "user"=>{"name"=>"", "email"=>"", "password"=>"", "password_confirmation"=>""}, "commit"=>"Sign up"} and HTTP headers {"HTTP_REFERER"=>"/signup"}
REQUESTING PAGE: GET /signup with {} and HTTP headers {}
REQUESTING PAGE: POST /users with {"utf8"=>"✓", "user"=>{"name"=>"Example User", "email"=>"user@example.com", "password"=>"foobar", "password_confirmation"=>"foobar"}, "commit"=>"Sign up"} and HTTP headers {"HTTP_REFERER"=>"/signup"}
REQUESTING PAGE: GET http://www.example.com/users/378 with {} and HTTP headers {"HTTP_REFERER"=>"/users"}
REQUESTING PAGE: GET /signin with {} and HTTP headers {}
REQUESTING PAGE: POST /sessions with {"utf8"=>"✓", "session"=>{"email"=>"", "password"=>""}, "commit"=>"Sign in"} and HTTP headers {"HTTP_REFERER"=>"/signin"}
REQUESTING PAGE: GET /signin with {} and HTTP headers {}
REQUESTING PAGE: POST /sessions with {"utf8"=>"✓", "session"=>{"email"=>"mhartl@example.com", "password"=>"foobar"}, "commit"=>"Sign in"} and HTTP headers {"HTTP_REFERER"=>"/signin"}
REQUESTING PAGE: GET http://www.example.com/users/379 with {} and HTTP headers {"HTTP_REFERER"=>"/sessions"}
REQUESTING PAGE: GET /signout with {} and HTTP headers {"HTTP_REFERER"=>"http://www.example.com/users/379"}
REQUESTING PAGE: GET http://www.example.com/ with {} and HTTP headers {"HTTP_REFERER"=>"/signout"}
